{"C:\\Users\\mlaur\\Desktop\\React\\03-gifs-app\\src\\GifsApp.tsx": {"path":"C:\\Users\\mlaur\\Desktop\\React\\03-gifs-app\\src\\GifsApp.tsx","statementMap":{"0":{"start":{"line":9,"column":23},"end":{"line":25,"column":null}},"1":{"start":{"line":10,"column":66},"end":{"line":10,"column":null}},"2":{"start":{"line":12,"column":4},"end":{"line":22,"column":null}}},"fnMap":{"0":{"name":"(anonymous_0)","decl":{"start":{"line":9,"column":23},"end":{"line":9,"column":null}},"loc":{"start":{"line":9,"column":23},"end":{"line":25,"column":null}},"line":9}},"branchMap":{},"s":{"0":1,"1":1,"2":1},"f":{"0":1},"b":{},"meta":{"lastBranch":0,"lastFunction":1,"lastStatement":3,"seen":{"s:9:23:25:Infinity":0,"f:9:23:9:Infinity":0,"s:10:66:10:Infinity":1,"s:12:4:22:Infinity":2}}}
,"C:\\Users\\mlaur\\Desktop\\React\\03-gifs-app\\src\\counter\\components\\MyCounterApp.tsx": {"path":"C:\\Users\\mlaur\\Desktop\\React\\03-gifs-app\\src\\counter\\components\\MyCounterApp.tsx","statementMap":{"0":{"start":{"line":3,"column":28},"end":{"line":18,"column":null}},"1":{"start":{"line":4,"column":61},"end":{"line":4,"column":null}},"2":{"start":{"line":6,"column":4},"end":{"line":13,"column":null}}},"fnMap":{"0":{"name":"(anonymous_0)","decl":{"start":{"line":3,"column":28},"end":{"line":3,"column":null}},"loc":{"start":{"line":3,"column":28},"end":{"line":18,"column":null}},"line":3}},"branchMap":{},"s":{"0":2,"1":7,"2":7},"f":{"0":7},"b":{},"meta":{"lastBranch":0,"lastFunction":1,"lastStatement":3,"seen":{"s:3:28:18:Infinity":0,"f:3:28:3:Infinity":0,"s:4:61:4:Infinity":1,"s:6:4:13:Infinity":2}}}
,"C:\\Users\\mlaur\\Desktop\\React\\03-gifs-app\\src\\counter\\hooks\\useCounter.tsx": {"path":"C:\\Users\\mlaur\\Desktop\\React\\03-gifs-app\\src\\counter\\hooks\\useCounter.tsx","statementMap":{"0":{"start":{"line":3,"column":26},"end":{"line":23,"column":null}},"1":{"start":{"line":4,"column":28},"end":{"line":4,"column":null}},"2":{"start":{"line":6,"column":19},"end":{"line":8,"column":null}},"3":{"start":{"line":7,"column":2},"end":{"line":7,"column":null}},"4":{"start":{"line":9,"column":24},"end":{"line":11,"column":null}},"5":{"start":{"line":10,"column":2},"end":{"line":10,"column":null}},"6":{"start":{"line":10,"column":28},"end":{"line":10,"column":null}},"7":{"start":{"line":12,"column":21},"end":{"line":14,"column":null}},"8":{"start":{"line":13,"column":2},"end":{"line":13,"column":null}},"9":{"start":{"line":15,"column":1},"end":{"line":22,"column":null}}},"fnMap":{"0":{"name":"(anonymous_0)","decl":{"start":{"line":3,"column":26},"end":{"line":3,"column":27}},"loc":{"start":{"line":3,"column":52},"end":{"line":23,"column":null}},"line":3},"1":{"name":"(anonymous_1)","decl":{"start":{"line":6,"column":19},"end":{"line":6,"column":null}},"loc":{"start":{"line":6,"column":19},"end":{"line":8,"column":null}},"line":6},"2":{"name":"(anonymous_2)","decl":{"start":{"line":9,"column":24},"end":{"line":9,"column":null}},"loc":{"start":{"line":9,"column":24},"end":{"line":11,"column":null}},"line":9},"3":{"name":"(anonymous_3)","decl":{"start":{"line":10,"column":13},"end":{"line":10,"column":14}},"loc":{"start":{"line":10,"column":28},"end":{"line":10,"column":null}},"line":10},"4":{"name":"(anonymous_4)","decl":{"start":{"line":12,"column":21},"end":{"line":12,"column":null}},"loc":{"start":{"line":12,"column":21},"end":{"line":14,"column":null}},"line":12}},"branchMap":{"0":{"loc":{"start":{"line":3,"column":27},"end":{"line":3,"column":52}},"type":"default-arg","locations":[{"start":{"line":3,"column":50},"end":{"line":3,"column":52}}],"line":3}},"s":{"0":2,"1":14,"2":14,"3":3,"4":14,"5":2,"6":2,"7":14,"8":1,"9":14},"f":{"0":14,"1":3,"2":2,"3":2,"4":1},"b":{"0":[14]},"meta":{"lastBranch":1,"lastFunction":5,"lastStatement":10,"seen":{"s:3:26:23:Infinity":0,"f:3:26:3:27":0,"b:3:50:3:52":0,"s:4:28:4:Infinity":1,"s:6:19:8:Infinity":2,"f:6:19:6:Infinity":1,"s:7:2:7:Infinity":3,"s:9:24:11:Infinity":4,"f:9:24:9:Infinity":2,"s:10:2:10:Infinity":5,"f:10:13:10:14":3,"s:10:28:10:Infinity":6,"s:12:21:14:Infinity":7,"f:12:21:12:Infinity":4,"s:13:2:13:Infinity":8,"s:15:1:22:Infinity":9}}}
,"C:\\Users\\mlaur\\Desktop\\React\\03-gifs-app\\src\\gifs\\actions\\get-gifs-by-query.action.ts": {"path":"C:\\Users\\mlaur\\Desktop\\React\\03-gifs-app\\src\\gifs\\actions\\get-gifs-by-query.action.ts","statementMap":{"0":{"start":{"line":7,"column":30},"end":{"line":31,"column":null}},"1":{"start":{"line":8,"column":1},"end":{"line":10,"column":null}},"2":{"start":{"line":9,"column":2},"end":{"line":9,"column":null}},"3":{"start":{"line":11,"column":1},"end":{"line":30,"column":null}},"4":{"start":{"line":12,"column":19},"end":{"line":18,"column":null}},"5":{"start":{"line":20,"column":2},"end":{"line":26,"column":null}},"6":{"start":{"line":20,"column":42},"end":{"line":26,"column":null}},"7":{"start":{"line":28,"column":2},"end":{"line":28,"column":null}},"8":{"start":{"line":29,"column":2},"end":{"line":29,"column":null}}},"fnMap":{"0":{"name":"(anonymous_0)","decl":{"start":{"line":7,"column":30},"end":{"line":7,"column":37}},"loc":{"start":{"line":7,"column":37},"end":{"line":31,"column":null}},"line":7},"1":{"name":"(anonymous_1)","decl":{"start":{"line":20,"column":32},"end":{"line":20,"column":33}},"loc":{"start":{"line":20,"column":42},"end":{"line":26,"column":null}},"line":20}},"branchMap":{"0":{"loc":{"start":{"line":8,"column":1},"end":{"line":10,"column":null}},"type":"if","locations":[{"start":{"line":8,"column":1},"end":{"line":10,"column":null}},{"start":{},"end":{}}],"line":8}},"s":{"0":3,"1":6,"2":1,"3":5,"4":5,"5":4,"6":40,"7":1,"8":1},"f":{"0":6,"1":40},"b":{"0":[1,5]},"meta":{"lastBranch":1,"lastFunction":2,"lastStatement":9,"seen":{"s:7:30:31:Infinity":0,"f:7:30:7:37":0,"b:8:1:10:Infinity:undefined:undefined:undefined:undefined":0,"s:8:1:10:Infinity":1,"s:9:2:9:Infinity":2,"s:11:1:30:Infinity":3,"s:12:19:18:Infinity":4,"s:20:2:26:Infinity":5,"f:20:32:20:33":1,"s:20:42:26:Infinity":6,"s:28:2:28:Infinity":7,"s:29:2:29:Infinity":8}}}
,"C:\\Users\\mlaur\\Desktop\\React\\03-gifs-app\\src\\gifs\\api\\giphy.Api.ts": {"path":"C:\\Users\\mlaur\\Desktop\\React\\03-gifs-app\\src\\gifs\\api\\giphy.Api.ts","statementMap":{"0":{"start":{"line":5,"column":24},"end":{"line":11,"column":null}}},"fnMap":{},"branchMap":{},"s":{"0":4},"f":{},"b":{},"meta":{"lastBranch":0,"lastFunction":0,"lastStatement":1,"seen":{"s:5:24:11:Infinity":0}}}
,"C:\\Users\\mlaur\\Desktop\\React\\03-gifs-app\\src\\gifs\\components\\GifList.tsx": {"path":"C:\\Users\\mlaur\\Desktop\\React\\03-gifs-app\\src\\gifs\\components\\GifList.tsx","statementMap":{"0":{"start":{"line":10,"column":34},"end":{"line":24,"column":null}},"1":{"start":{"line":11,"column":1},"end":{"line":14,"column":22}},"2":{"start":{"line":13,"column":14},"end":{"line":14,"column":22}}},"fnMap":{"0":{"name":"(anonymous_0)","decl":{"start":{"line":10,"column":34},"end":{"line":10,"column":35}},"loc":{"start":{"line":10,"column":43},"end":{"line":24,"column":null}},"line":10},"1":{"name":"(anonymous_1)","decl":{"start":{"line":13,"column":13},"end":{"line":13,"column":14}},"loc":{"start":{"line":13,"column":14},"end":{"line":14,"column":22}},"line":13}},"branchMap":{},"s":{"0":2,"1":3,"2":2},"f":{"0":3,"1":2},"b":{},"meta":{"lastBranch":0,"lastFunction":2,"lastStatement":3,"seen":{"s:10:34:24:Infinity":0,"f:10:34:10:35":0,"s:11:1:14:22":1,"f:13:13:13:14":1,"s:13:14:14:22":2}}}
,"C:\\Users\\mlaur\\Desktop\\React\\03-gifs-app\\src\\gifs\\components\\PreviousSearches.tsx": {"path":"C:\\Users\\mlaur\\Desktop\\React\\03-gifs-app\\src\\gifs\\components\\PreviousSearches.tsx","statementMap":{"0":{"start":{"line":9,"column":32},"end":{"line":22,"column":null}},"1":{"start":{"line":10,"column":1},"end":{"line":15,"column":20}},"2":{"start":{"line":14,"column":19},"end":{"line":15,"column":20}},"3":{"start":{"line":15,"column":35},"end":{"line":15,"column":null}}},"fnMap":{"0":{"name":"(anonymous_0)","decl":{"start":{"line":9,"column":32},"end":{"line":9,"column":33}},"loc":{"start":{"line":9,"column":68},"end":{"line":22,"column":null}},"line":9},"1":{"name":"(anonymous_1)","decl":{"start":{"line":14,"column":18},"end":{"line":14,"column":19}},"loc":{"start":{"line":14,"column":19},"end":{"line":15,"column":20}},"line":14},"2":{"name":"(anonymous_2)","decl":{"start":{"line":15,"column":29},"end":{"line":15,"column":35}},"loc":{"start":{"line":15,"column":35},"end":{"line":15,"column":null}},"line":15}},"branchMap":{},"s":{"0":2,"1":3,"2":6,"3":1},"f":{"0":3,"1":6,"2":1},"b":{},"meta":{"lastBranch":0,"lastFunction":3,"lastStatement":4,"seen":{"s:9:32:22:Infinity":0,"f:9:32:9:33":0,"s:10:1:15:20":1,"f:14:18:14:19":1,"s:14:19:15:20":2,"f:15:29:15:35":2,"s:15:35:15:Infinity":3}}}
,"C:\\Users\\mlaur\\Desktop\\React\\03-gifs-app\\src\\gifs\\hooks\\useGifs.tsx": {"path":"C:\\Users\\mlaur\\Desktop\\React\\03-gifs-app\\src\\gifs\\hooks\\useGifs.tsx","statementMap":{"0":{"start":{"line":7,"column":23},"end":{"line":54,"column":null}},"1":{"start":{"line":9,"column":22},"end":{"line":9,"column":null}},"2":{"start":{"line":12,"column":40},"end":{"line":12,"column":null}},"3":{"start":{"line":14,"column":7},"end":{"line":14,"column":null}},"4":{"start":{"line":17,"column":27},"end":{"line":25,"column":null}},"5":{"start":{"line":18,"column":2},"end":{"line":21,"column":null}},"6":{"start":{"line":19,"column":3},"end":{"line":19,"column":null}},"7":{"start":{"line":20,"column":3},"end":{"line":20,"column":null}},"8":{"start":{"line":22,"column":15},"end":{"line":22,"column":null}},"9":{"start":{"line":23,"column":2},"end":{"line":23,"column":null}},"10":{"start":{"line":24,"column":2},"end":{"line":24,"column":null}},"11":{"start":{"line":29,"column":22},"end":{"line":45,"column":null}},"12":{"start":{"line":31,"column":2},"end":{"line":31,"column":null}},"13":{"start":{"line":33,"column":2},"end":{"line":33,"column":null}},"14":{"start":{"line":33,"column":26},"end":{"line":33,"column":null}},"15":{"start":{"line":35,"column":2},"end":{"line":35,"column":null}},"16":{"start":{"line":35,"column":37},"end":{"line":35,"column":null}},"17":{"start":{"line":37,"column":2},"end":{"line":40,"column":null}},"18":{"start":{"line":38,"column":19},"end":{"line":38,"column":null}},"19":{"start":{"line":39,"column":3},"end":{"line":39,"column":null}},"20":{"start":{"line":41,"column":15},"end":{"line":41,"column":null}},"21":{"start":{"line":42,"column":2},"end":{"line":42,"column":null}},"22":{"start":{"line":43,"column":2},"end":{"line":43,"column":null}},"23":{"start":{"line":47,"column":1},"end":{"line":53,"column":null}}},"fnMap":{"0":{"name":"(anonymous_0)","decl":{"start":{"line":7,"column":23},"end":{"line":7,"column":null}},"loc":{"start":{"line":7,"column":23},"end":{"line":54,"column":null}},"line":7},"1":{"name":"(anonymous_1)","decl":{"start":{"line":17,"column":27},"end":{"line":17,"column":34}},"loc":{"start":{"line":17,"column":34},"end":{"line":25,"column":null}},"line":17},"2":{"name":"(anonymous_2)","decl":{"start":{"line":29,"column":22},"end":{"line":29,"column":29}},"loc":{"start":{"line":29,"column":47},"end":{"line":45,"column":null}},"line":29},"3":{"name":"(anonymous_3)","decl":{"start":{"line":37,"column":19},"end":{"line":37,"column":20}},"loc":{"start":{"line":37,"column":20},"end":{"line":40,"column":null}},"line":37}},"branchMap":{"0":{"loc":{"start":{"line":18,"column":2},"end":{"line":21,"column":null}},"type":"if","locations":[{"start":{"line":18,"column":2},"end":{"line":21,"column":null}},{"start":{},"end":{}}],"line":18},"1":{"loc":{"start":{"line":29,"column":29},"end":{"line":29,"column":47}},"type":"default-arg","locations":[{"start":{"line":29,"column":45},"end":{"line":29,"column":47}}],"line":29},"2":{"loc":{"start":{"line":33,"column":2},"end":{"line":33,"column":null}},"type":"if","locations":[{"start":{"line":33,"column":2},"end":{"line":33,"column":null}},{"start":{},"end":{}}],"line":33},"3":{"loc":{"start":{"line":35,"column":2},"end":{"line":35,"column":null}},"type":"if","locations":[{"start":{"line":35,"column":2},"end":{"line":35,"column":null}},{"start":{},"end":{}}],"line":35}},"s":{"0":2,"1":19,"2":19,"3":19,"4":19,"5":3,"6":1,"7":1,"8":2,"9":2,"10":2,"11":19,"12":10,"13":10,"14":0,"15":10,"16":0,"17":10,"18":10,"19":10,"20":10,"21":10,"22":10,"23":19},"f":{"0":19,"1":3,"2":10,"3":10},"b":{"0":[1,2],"1":[10],"2":[0,10],"3":[0,10]},"meta":{"lastBranch":4,"lastFunction":4,"lastStatement":24,"seen":{"s:7:23:54:Infinity":0,"f:7:23:7:Infinity":0,"s:9:22:9:Infinity":1,"s:12:40:12:Infinity":2,"s:14:7:14:Infinity":3,"s:17:27:25:Infinity":4,"f:17:27:17:34":1,"b:18:2:21:Infinity:undefined:undefined:undefined:undefined":0,"s:18:2:21:Infinity":5,"s:19:3:19:Infinity":6,"s:20:3:20:Infinity":7,"s:22:15:22:Infinity":8,"s:23:2:23:Infinity":9,"s:24:2:24:Infinity":10,"s:29:22:45:Infinity":11,"f:29:22:29:29":2,"b:29:45:29:47":1,"s:31:2:31:Infinity":12,"b:33:2:33:Infinity:undefined:undefined:undefined:undefined":2,"s:33:2:33:Infinity":13,"s:33:26:33:Infinity":14,"b:35:2:35:Infinity:undefined:undefined:undefined:undefined":3,"s:35:2:35:Infinity":15,"s:35:37:35:Infinity":16,"s:37:2:40:Infinity":17,"f:37:19:37:20":3,"s:38:19:38:Infinity":18,"s:39:3:39:Infinity":19,"s:41:15:41:Infinity":20,"s:42:2:42:Infinity":21,"s:43:2:43:Infinity":22,"s:47:1:53:Infinity":23}}}
,"C:\\Users\\mlaur\\Desktop\\React\\03-gifs-app\\src\\shared\\components\\CustomHeader.tsx": {"path":"C:\\Users\\mlaur\\Desktop\\React\\03-gifs-app\\src\\shared\\components\\CustomHeader.tsx","statementMap":{"0":{"start":{"line":8,"column":21},"end":{"line":15,"column":null}},"1":{"start":{"line":9,"column":1},"end":{"line":12,"column":null}}},"fnMap":{"0":{"name":"(anonymous_0)","decl":{"start":{"line":8,"column":21},"end":{"line":8,"column":22}},"loc":{"start":{"line":8,"column":51},"end":{"line":15,"column":null}},"line":8}},"branchMap":{"0":{"loc":{"start":{"line":12,"column":4},"end":{"line":12,"column":null}},"type":"binary-expr","locations":[{"start":{"line":12,"column":4},"end":{"line":12,"column":19}},{"start":{"line":12,"column":4},"end":{"line":12,"column":null}}],"line":12}},"s":{"0":2,"1":4},"f":{"0":4},"b":{"0":[4,2]},"meta":{"lastBranch":1,"lastFunction":1,"lastStatement":2,"seen":{"s:8:21:15:Infinity":0,"f:8:21:8:22":0,"s:9:1:12:Infinity":1,"b:12:4:12:19:12:4:12:Infinity":0}}}
,"C:\\Users\\mlaur\\Desktop\\React\\03-gifs-app\\src\\shared\\components\\SearchBar.tsx": {"path":"C:\\Users\\mlaur\\Desktop\\React\\03-gifs-app\\src\\shared\\components\\SearchBar.tsx","statementMap":{"0":{"start":{"line":10,"column":18},"end":{"line":49,"column":null}},"1":{"start":{"line":11,"column":24},"end":{"line":11,"column":null}},"2":{"start":{"line":14,"column":1},"end":{"line":22,"column":null}},"3":{"start":{"line":15,"column":20},"end":{"line":17,"column":null}},"4":{"start":{"line":16,"column":3},"end":{"line":16,"column":null}},"5":{"start":{"line":19,"column":2},"end":{"line":21,"column":null}},"6":{"start":{"line":20,"column":3},"end":{"line":20,"column":null}},"7":{"start":{"line":26,"column":22},"end":{"line":29,"column":null}},"8":{"start":{"line":27,"column":2},"end":{"line":27,"column":null}},"9":{"start":{"line":28,"column":2},"end":{"line":28,"column":null}},"10":{"start":{"line":32,"column":23},"end":{"line":36,"column":null}},"11":{"start":{"line":33,"column":2},"end":{"line":35,"column":null}},"12":{"start":{"line":34,"column":3},"end":{"line":34,"column":null}},"13":{"start":{"line":38,"column":1},"end":{"line":46,"column":null}},"14":{"start":{"line":44,"column":25},"end":{"line":44,"column":null}}},"fnMap":{"0":{"name":"(anonymous_0)","decl":{"start":{"line":10,"column":18},"end":{"line":10,"column":19}},"loc":{"start":{"line":10,"column":61},"end":{"line":49,"column":null}},"line":10},"1":{"name":"(anonymous_1)","decl":{"start":{"line":14,"column":11},"end":{"line":14,"column":null}},"loc":{"start":{"line":14,"column":11},"end":{"line":22,"column":4}},"line":14},"2":{"name":"(anonymous_2)","decl":{"start":{"line":15,"column":31},"end":{"line":15,"column":null}},"loc":{"start":{"line":15,"column":31},"end":{"line":17,"column":5}},"line":15},"3":{"name":"(anonymous_3)","decl":{"start":{"line":19,"column":9},"end":{"line":19,"column":null}},"loc":{"start":{"line":19,"column":9},"end":{"line":21,"column":null}},"line":19},"4":{"name":"(anonymous_4)","decl":{"start":{"line":26,"column":22},"end":{"line":26,"column":null}},"loc":{"start":{"line":26,"column":22},"end":{"line":29,"column":null}},"line":26},"5":{"name":"(anonymous_5)","decl":{"start":{"line":32,"column":23},"end":{"line":32,"column":24}},"loc":{"start":{"line":32,"column":24},"end":{"line":36,"column":null}},"line":32},"6":{"name":"(anonymous_6)","decl":{"start":{"line":44,"column":14},"end":{"line":44,"column":15}},"loc":{"start":{"line":44,"column":25},"end":{"line":44,"column":null}},"line":44}},"branchMap":{"0":{"loc":{"start":{"line":10,"column":21},"end":{"line":10,"column":43}},"type":"default-arg","locations":[{"start":{"line":10,"column":35},"end":{"line":10,"column":43}}],"line":10},"1":{"loc":{"start":{"line":33,"column":2},"end":{"line":35,"column":null}},"type":"if","locations":[{"start":{"line":33,"column":2},"end":{"line":35,"column":null}},{"start":{},"end":{}}],"line":33}},"s":{"0":2,"1":16,"2":16,"3":16,"4":2,"5":16,"6":16,"7":16,"8":2,"9":2,"10":16,"11":1,"12":1,"13":16,"14":7},"f":{"0":16,"1":16,"2":2,"3":16,"4":2,"5":1,"6":7},"b":{"0":[16],"1":[1,0]},"meta":{"lastBranch":2,"lastFunction":7,"lastStatement":15,"seen":{"s:10:18:49:Infinity":0,"f:10:18:10:19":0,"b:10:35:10:43":0,"s:11:24:11:Infinity":1,"s:14:1:22:Infinity":2,"f:14:11:14:Infinity":1,"s:15:20:17:Infinity":3,"f:15:31:15:Infinity":2,"s:16:3:16:Infinity":4,"s:19:2:21:Infinity":5,"f:19:9:19:Infinity":3,"s:20:3:20:Infinity":6,"s:26:22:29:Infinity":7,"f:26:22:26:Infinity":4,"s:27:2:27:Infinity":8,"s:28:2:28:Infinity":9,"s:32:23:36:Infinity":10,"f:32:23:32:24":5,"b:33:2:35:Infinity:undefined:undefined:undefined:undefined":1,"s:33:2:35:Infinity":11,"s:34:3:34:Infinity":12,"s:38:1:46:Infinity":13,"f:44:14:44:15":6,"s:44:25:44:Infinity":14}}}
,"C:\\Users\\mlaur\\Desktop\\React\\03-gifs-app\\test\\mock\\giphy.response.data.ts": {"path":"C:\\Users\\mlaur\\Desktop\\React\\03-gifs-app\\test\\mock\\giphy.response.data.ts","statementMap":{"0":{"start":{"line":1,"column":33},"end":{"line":2106,"column":null}}},"fnMap":{},"branchMap":{},"s":{"0":1},"f":{},"b":{},"meta":{"lastBranch":0,"lastFunction":0,"lastStatement":1,"seen":{"s:1:33:2106:Infinity":0}}}
}
